# JRE version: Java(TM) SE Runtime Environment (25.0.1+8) (build 25.0.1+8-LTS-27)
# Java VM: Java HotSpot(TM) 64-Bit Server VM (25.0.1+8-LTS-27, mixed mode, sharing, tiered, compressed oops, compressed class ptrs, parallel gc, windows-amd64)
GC Precious Log:
 CardTable entry size: 512
 CPUs: 12 total, 12 available
 Memory: 23882M
 Large Page Support: Disabled
 NUMA Support: Disabled
 Compressed Oops: Enabled (32-bit)
 Alignments: Space 512K, Generation 512K, Heap 2M
 Heap Min Capacity: 100M
 Heap Initial Capacity: 100M
 Heap Max Capacity: 2G
 Pre-touch: Disabled
 Parallel Workers: 10
Heap:
 PSYoungGen      total 40448K, used 5023K [0x00000000d5580000, 0x00000000d8000000, 0x0000000100000000)
  eden space 39424K, 11% used [0x00000000d5580000,0x00000000d59e05b8,0x00000000d7c00000)
  from space 1024K, 52% used [0x00000000d7f00000,0x00000000d7f879e8,0x00000000d8000000)
  to   space 2048K, 0% used [0x00000000d7c00000,0x00000000d7c00000,0x00000000d7e00000)
 ParOldGen       total 614400K, used 338519K [0x0000000080000000, 0x00000000a5800000, 0x00000000d5580000)
  object space 614400K, 55% used [0x0000000080000000,0x0000000094a95f18,0x00000000a5800000)
GC Heap Usage History (20 events):
Event: 786.879 {heap Before GC invocations=217 (full 4):
 PSYoungGen      total 34304K, used 34298K [0x00000000d5580000, 0x00000000d7f80000, 0x0000000100000000)
  eden space 33792K, 100% used [0x00000000d5580000,0x00000000d7680000,0x00000000d7680000)
  from space 512K, 98% used [0x00000000d7f00000,0x00000000d7f7e920,0x00000000d7f80000)
  to   space 4608K, 0% used [0x00000000d7680000,0x00000000d7680000,0x00000000d7b00000)
 ParOldGen       total 614400K, used 269010K [0x0000000080000000, 0x00000000a5800000, 0x00000000d5580Event: 786.888 {heap After GC invocations=217 (full 4):
 PSYoungGen      total 37888K, used 4586K [0x00000000d5580000, 0x00000000da700000, 0x0000000100000000)
  eden space 33280K, 0% used [0x00000000d5580000,0x00000000d5580000,0x00000000d7600000)
  from space 4608K, 99% used [0x00000000d7680000,0x00000000d7afaad0,0x00000000d7b00000)
  to   space 25088K, 0% used [0x00000000d8e80000,0x00000000d8e80000,0x00000000da700000)
 ParOldGen       total 614400K, used 285868K [0x0000000080000000, 0x00000000a5800000, 0x00000000d558000Event: 786.926 {heap Before GC invocations=218 (full 4):
 PSYoungGen      total 37888K, used 27382K [0x00000000d5580000, 0x00000000da700000, 0x0000000100000000)
  eden space 33280K, 68% used [0x00000000d5580000,0x00000000d6bc2eb0,0x00000000d7600000)
  from space 4608K, 99% used [0x00000000d7680000,0x00000000d7afaad0,0x00000000d7b00000)
  to   space 25088K, 0% used [0x00000000d8e80000,0x00000000d8e80000,0x00000000da700000)
 ParOldGen       total 614400K, used 285868K [0x0000000080000000, 0x00000000a5800000, 0x00000000d558Event: 786.930 {heap After GC invocations=218 (full 4):
 PSYoungGen      total 50688K, used 17456K [0x00000000d5580000, 0x00000000da000000, 0x0000000100000000)
  eden space 32768K, 0% used [0x00000000d5580000,0x00000000d5580000,0x00000000d7580000)
  from space 17920K, 97% used [0x00000000d8e80000,0x00000000d9f8c020,0x00000000da000000)
  to   space 18944K, 0% used [0x00000000d7b00000,0x00000000d7b00000,0x00000000d8d80000)
 ParOldGen       total 614400K, used 286332K [0x0000000080000000, 0x00000000a5800000, 0x00000000d5580Event: 787.044 {heap Before GC invocations=219 (full 4):
 PSYoungGen      total 50688K, used 50224K [0x00000000d5580000, 0x00000000da000000, 0x0000000100000000)
  eden space 32768K, 100% used [0x00000000d5580000,0x00000000d7580000,0x00000000d7580000)
  from space 17920K, 97% used [0x00000000d8e80000,0x00000000d9f8c020,0x00000000da000000)
  to   space 18944K, 0% used [0x00000000d7b00000,0x00000000d7b00000,0x00000000d8d80000)
 ParOldGen       total 614400K, used 286332K [0x0000000080000000, 0x00000000a5800000, 0x00000000d5Event: 787.047 {heap After GC invocations=219 (full 4):
 PSYoungGen      total 33280K, used 576K [0x00000000d5580000, 0x00000000d8f00000, 0x0000000100000000)
  eden space 32256K, 0% used [0x00000000d5580000,0x00000000d5580000,0x00000000d7500000)
  from space 1024K, 56% used [0x00000000d7b00000,0x00000000d7b90000,0x00000000d7c00000)
  to   space 7168K, 0% used [0x00000000d8800000,0x00000000d8800000,0x00000000d8f00000)
 ParOldGen       total 614400K, used 295918K [0x0000000080000000, 0x00000000a5800000, 0x00000000d5580000)Event: 788.219 {heap Before GC invocations=220 (full 4):
 PSYoungGen      total 33280K, used 32832K [0x00000000d5580000, 0x00000000d8f00000, 0x0000000100000000)
  eden space 32256K, 100% used [0x00000000d5580000,0x00000000d7500000,0x00000000d7500000)
  from space 1024K, 56% used [0x00000000d7b00000,0x00000000d7b90000,0x00000000d7c00000)
  to   space 7168K, 0% used [0x00000000d8800000,0x00000000d8800000,0x00000000d8f00000)
 ParOldGen       total 614400K, used 295918K [0x0000000080000000, 0x00000000a5800000, 0x00000000d558Event: 788.220 {heap After GC invocations=220 (full 4):
 PSYoungGen      total 32256K, used 416K [0x00000000d5580000, 0x00000000d8880000, 0x0000000100000000)
  eden space 31744K, 0% used [0x00000000d5580000,0x00000000d5580000,0x00000000d7480000)
  from space 512K, 81% used [0x00000000d8800000,0x00000000d8868000,0x00000000d8880000)
  to   space 2048K, 0% used [0x00000000d8480000,0x00000000d8480000,0x00000000d8680000)
 ParOldGen       total 614400K, used 296287K [0x0000000080000000, 0x00000000a5800000, 0x00000000d5580000)
Event: 789.674 {heap Before GC invocations=221 (full 4):
 PSYoungGen      total 32256K, used 31845K [0x00000000d5580000, 0x00000000d8880000, 0x0000000100000000)
  eden space 31744K, 99% used [0x00000000d5580000,0x00000000d7431640,0x00000000d7480000)
  from space 512K, 81% used [0x00000000d8800000,0x00000000d8868000,0x00000000d8880000)
  to   space 2048K, 0% used [0x00000000d8480000,0x00000000d8480000,0x00000000d8680000)
 ParOldGen       total 614400K, used 296287K [0x0000000080000000, 0x00000000a5800000, 0x00000000d55800Event: 789.675 {heap After GC invocations=221 (full 4):
 PSYoungGen      total 50176K, used 676K [0x00000000d5580000, 0x00000000d8880000, 0x0000000100000000)
  eden space 48128K, 0% used [0x00000000d5580000,0x00000000d5580000,0x00000000d8480000)
  from space 2048K, 33% used [0x00000000d8480000,0x00000000d85291f8,0x00000000d8680000)
  to   space 1024K, 0% used [0x00000000d8780000,0x00000000d8780000,0x00000000d8880000)
 ParOldGen       total 614400K, used 296455K [0x0000000080000000, 0x00000000a5800000, 0x00000000d5580000)Event: 789.765 {heap Before GC invocations=222 (full 4):
 PSYoungGen      total 50176K, used 43941K [0x00000000d5580000, 0x00000000d8880000, 0x0000000100000000)
  eden space 48128K, 89% used [0x00000000d5580000,0x00000000d7fc0370,0x00000000d8480000)
  from space 2048K, 33% used [0x00000000d8480000,0x00000000d85291f8,0x00000000d8680000)
  to   space 1024K, 0% used [0x00000000d8780000,0x00000000d8780000,0x00000000d8880000)
 ParOldGen       total 614400K, used 296455K [0x0000000080000000, 0x00000000a5800000, 0x00000000d5580Event: 789.767 {heap After GC invocations=222 (full 4):
 PSYoungGen      total 47104K, used 496K [0x00000000d5580000, 0x00000000d8800000, 0x0000000100000000)
  eden space 46592K, 0% used [0x00000000d5580000,0x00000000d5580000,0x00000000d8300000)
  from space 512K, 96% used [0x00000000d8780000,0x00000000d87fc010,0x00000000d8800000)
  to   space 1024K, 0% used [0x00000000d8600000,0x00000000d8600000,0x00000000d8700000)
 ParOldGen       total 614400K, used 315751K [0x0000000080000000, 0x00000000a5800000, 0x00000000d5580000)
Event: 826.617 {heap Before GC invocations=223 (full 4):
 PSYoungGen      total 47104K, used 47088K [0x00000000d5580000, 0x00000000d8800000, 0x0000000100000000)
  eden space 46592K, 100% used [0x00000000d5580000,0x00000000d8300000,0x00000000d8300000)
  from space 512K, 96% used [0x00000000d8780000,0x00000000d87fc010,0x00000000d8800000)
  to   space 1024K, 0% used [0x00000000d8600000,0x00000000d8600000,0x00000000d8700000)
 ParOldGen       total 614400K, used 315751K [0x0000000080000000, 0x00000000a5800000, 0x00000000d5580Event: 826.618 {heap After GC invocations=223 (full 4):
 PSYoungGen      total 46592K, used 804K [0x00000000d5580000, 0x00000000d8800000, 0x0000000100000000)
  eden space 45568K, 0% used [0x00000000d5580000,0x00000000d5580000,0x00000000d8200000)
  from space 1024K, 78% used [0x00000000d8600000,0x00000000d86c9230,0x00000000d8700000)
  to   space 1024K, 0% used [0x00000000d8700000,0x00000000d8700000,0x00000000d8800000)
 ParOldGen       total 614400K, used 315992K [0x0000000080000000, 0x00000000a5800000, 0x00000000d5580000)Event: 857.041 {heap Before GC invocations=224 (full 4):
 PSYoungGen      total 46592K, used 45356K [0x00000000d5580000, 0x00000000d8800000, 0x0000000100000000)
  eden space 45568K, 97% used [0x00000000d5580000,0x00000000d81020b0,0x00000000d8200000)
  from space 1024K, 78% used [0x00000000d8600000,0x00000000d86c9230,0x00000000d8700000)
  to   space 1024K, 0% used [0x00000000d8700000,0x00000000d8700000,0x00000000d8800000)
 ParOldGen       total 614400K, used 315992K [0x0000000080000000, 0x00000000a5800000, 0x00000000d5580Event: 857.047 {heap After GC invocations=224 (full 4):
 PSYoungGen      total 24576K, used 1008K [0x00000000d5580000, 0x00000000db600000, 0x0000000100000000)
  eden space 23552K, 0% used [0x00000000d5580000,0x00000000d5580000,0x00000000d6c80000)
  from space 1024K, 98% used [0x00000000d8700000,0x00000000d87fc3d8,0x00000000d8800000)
  to   space 27136K, 0% used [0x00000000d6c80000,0x00000000d6c80000,0x00000000d8700000)
 ParOldGen       total 614400K, used 337895K [0x0000000080000000, 0x00000000a5800000, 0x00000000d558000Event: 857.820 {heap Before GC invocations=225 (full 4):
 PSYoungGen      total 24576K, used 24559K [0x00000000d5580000, 0x00000000db600000, 0x0000000100000000)
  eden space 23552K, 99% used [0x00000000d5580000,0x00000000d6c7fa68,0x00000000d6c80000)
  from space 1024K, 98% used [0x00000000d8700000,0x00000000d87fc3d8,0x00000000d8800000)
  to   space 27136K, 0% used [0x00000000d6c80000,0x00000000d6c80000,0x00000000d8700000)
 ParOldGen       total 614400K, used 337895K [0x0000000080000000, 0x00000000a5800000, 0x00000000d558Event: 857.822 {heap After GC invocations=225 (full 4):
 PSYoungGen      total 23552K, used 512K [0x00000000d5580000, 0x00000000d8780000, 0x0000000100000000)
  eden space 23040K, 0% used [0x00000000d5580000,0x00000000d5580000,0x00000000d6c00000)
  from space 512K, 100% used [0x00000000d6c80000,0x00000000d6d00000,0x00000000d6d00000)
  to   space 8704K, 0% used [0x00000000d7f00000,0x00000000d7f00000,0x00000000d8780000)
 ParOldGen       total 614400K, used 338223K [0x0000000080000000, 0x00000000a5800000, 0x00000000d5580000)Event: 857.856 {heap Before GC invocations=226 (full 4):
 PSYoungGen      total 23552K, used 23538K [0x00000000d5580000, 0x00000000d8780000, 0x0000000100000000)
  eden space 23040K, 99% used [0x00000000d5580000,0x00000000d6bfcb50,0x00000000d6c00000)
  from space 512K, 100% used [0x00000000d6c80000,0x00000000d6d00000,0x00000000d6d00000)
  to   space 8704K, 0% used [0x00000000d7f00000,0x00000000d7f00000,0x00000000d8780000)
 ParOldGen       total 614400K, used 338223K [0x0000000080000000, 0x00000000a5800000, 0x00000000d5580Event: 857.857 {heap After GC invocations=226 (full 4):
 PSYoungGen      total 40448K, used 542K [0x00000000d5580000, 0x00000000d8000000, 0x0000000100000000)
  eden space 39424K, 0% used [0x00000000d5580000,0x00000000d5580000,0x00000000d7c00000)
  from space 1024K, 52% used [0x00000000d7f00000,0x00000000d7f879e8,0x00000000d8000000)
  to   space 2048K, 0% used [0x00000000d7c00000,0x00000000d7c00000,0x00000000d7e00000)
 ParOldGen       total 614400K, used 338519K [0x0000000080000000, 0x00000000a5800000, 0x00000000d5580000)
Metaspace Usage History (20 events):
Event: 786.879 {metaspace Before GC invocations=217 (full 4):
 Metaspace       used 91582K, committed 93248K, reserved 1179648K
  class space    used 8229K, committed 8960K, reserved 1048576K
}
Event: 786.888 {metaspace After GC invocations=217 (full 4):
 Metaspace       used 91582K, committed 93248K, reserved 1179648K
  class space    used 8229K, committed 8960K, reserved 1048576K
}
Event: 786.926 {metaspace Before GC invocations=218 (full 4):
 Metaspace       used 91585K, committed 93248K, reserved 1179648K
  class space    used 8229K, committed 8960K, reserved 1048576K
}
Event: 786.930 {metaspace After GC invocations=218 (full 4):
 Metaspace       used 91585K, committed 93248K, reserved 1179648K
  class space    used 8229K, committed 8960K, reserved 1048576K
}
Event: 787.044 {metaspace Before GC invocations=219 (full 4):
 Metaspace       used 91594K, committed 93312K, reserved 1179648K
  class space    used 8229K, committed 8960K, reserved 1048576K
}
Event: 787.047 {metaspace After GC invocations=219 (full 4):
 Metaspace       used 91594K, committed 93312K, reserved 1179648K
  class space    used 8229K, committed 8960K, reserved 1048576K
}
Event: 788.219 {metaspace Before GC invocations=220 (full 4):
 Metaspace       used 91607K, committed 93312K, reserved 1179648K
  class space    used 8229K, committed 8960K, reserved 1048576K
}
Event: 788.220 {metaspace After GC invocations=220 (full 4):
 Metaspace       used 91607K, committed 93312K, reserved 1179648K
  class space    used 8229K, committed 8960K, reserved 1048576K
}
Event: 789.674 {metaspace Before GC invocations=221 (full 4):
 Metaspace       used 91625K, committed 93312K, reserved 1179648K
  class space    used 8229K, committed 8960K, reserved 1048576K
}
Event: 789.675 {metaspace After GC invocations=221 (full 4):
 Metaspace       used 91625K, committed 93312K, reserved 1179648K
  class space    used 8229K, committed 8960K, reserved 1048576K
}
Event: 789.765 {metaspace Before GC invocations=222 (full 4):
 Metaspace       used 91637K, committed 93312K, reserved 1179648K
  class space    used 8229K, committed 8960K, reserved 1048576K
}
Event: 789.767 {metaspace After GC invocations=222 (full 4):
 Metaspace       used 91637K, committed 93312K, reserved 1179648K
  class space    used 8229K, committed 8960K, reserved 1048576K
}
Event: 826.617 {metaspace Before GC invocations=223 (full 4):
 Metaspace       used 91657K, committed 93312K, reserved 1179648K
  class space    used 8229K, committed 8960K, reserved 1048576K
}
Event: 826.618 {metaspace After GC invocations=223 (full 4):
 Metaspace       used 91657K, committed 93312K, reserved 1179648K
  class space    used 8229K, committed 8960K, reserved 1048576K
}
Event: 857.041 {metaspace Before GC invocations=224 (full 4):
 Metaspace       used 91945K, committed 93632K, reserved 1179648K
  class space    used 8271K, committed 8960K, reserved 1048576K
}
Event: 857.047 {metaspace After GC invocations=224 (full 4):
 Metaspace       used 91945K, committed 93632K, reserved 1179648K
  class space    used 8271K, committed 8960K, reserved 1048576K
}
Event: 857.820 {metaspace Before GC invocations=225 (full 4):
 Metaspace       used 92535K, committed 94400K, reserved 1179648K
  class space    used 8368K, committed 9152K, reserved 1048576K
}
Event: 857.822 {metaspace After GC invocations=225 (full 4):
 Metaspace       used 92535K, committed 94400K, reserved 1179648K
  class space    used 8368K, committed 9152K, reserved 1048576K
}
Event: 857.856 {metaspace Before GC invocations=226 (full 4):
 Metaspace       used 92951K, committed 95040K, reserved 1179648K
  class space    used 8483K, committed 9344K, reserved 1048576K
}
Event: 857.857 {metaspace After GC invocations=226 (full 4):
 Metaspace       used 92951K, committed 95040K, reserved 1179648K
  class space    used 8483K, committed 9344K, reserved 1048576K
}

